<?xml version="1.0"?>
<!DOCTYPE coverage SYSTEM "http://cobertura.sourceforge.net/xml/coverage-04.dtd">
<coverage 
line-rate="1.00" lines-valid="33" lines-covered="33" branches-valid="4" branches-covered="4" branch-rate="1.00" complexity="0" version="1.0" timestamp="1506405887965">
    <sources>
        <source>--source</source>
        <source>/home/akshay/IdeaProjects/Test2/Test-2/accounts/src/main/scala</source>
    </sources>
    <packages>
        <package name="services" line-rate="1.00" branch-rate="1.00" complexity="0">
            <classes>
                <class name="services.Accounts" filename="services/Accounts.scala" line-rate="1.00" branch-rate="1.00" complexity="0">
                    <methods>
                        <method name="services/Accounts/addUser" signature="()V" line-rate="1.00" branch-rate="1.00" complexity="0">
                            <lines>
                                <line number="23" hits="1" branch="false"/>
                                <line number="19" hits="1" branch="false"/>
                                <line number="20" hits="1" branch="false"/>
                                <line number="19" hits="1" branch="false"/>
                                <line number="23" hits="1" branch="false"/>
                                <line number="18" hits="1" branch="false"/>
                                <line number="17" hits="1" branch="false"/>
                                <line number="19" hits="1" branch="false"/>
                                <line number="18" hits="1" branch="false"/>
                            </lines>
                        </method>
                        <method name="services/Accounts/authenticate" signature="()V" line-rate="1.00" branch-rate="1.00" complexity="0">
                            <lines>
                                <line number="29" hits="1" branch="false"/>
                                <line number="37" hits="1" branch="false"/>
                                <line number="30" hits="1" branch="false"/>
                                <line number="37" hits="1" branch="false"/>
                                <line number="32" hits="1" branch="false"/>
                                <line number="31" hits="1" branch="false"/>
                                <line number="34" hits="1" branch="false"/>
                                <line number="36" hits="1" branch="false"/>
                                <line number="30" hits="1" branch="false"/>
                                <line number="37" hits="1" branch="false"/>
                                <line number="37" hits="1" branch="false"/>
                                <line number="37" hits="1" branch="false"/>
                                <line number="30" hits="1" branch="false"/>
                                <line number="32" hits="1" branch="false"/>
                            </lines>
                        </method>
                    </methods>
                    <lines>
                        <line number="29" hits="1" branch="false"/>
                        <line number="37" hits="1" branch="false"/>
                        <line number="23" hits="1" branch="false"/>
                        <line number="30" hits="1" branch="false"/>
                        <line number="37" hits="1" branch="false"/>
                        <line number="19" hits="1" branch="false"/>
                        <line number="20" hits="1" branch="false"/>
                        <line number="32" hits="1" branch="false"/>
                        <line number="19" hits="1" branch="false"/>
                        <line number="31" hits="1" branch="false"/>
                        <line number="34" hits="1" branch="false"/>
                        <line number="23" hits="1" branch="false"/>
                        <line number="36" hits="1" branch="false"/>
                        <line number="30" hits="1" branch="false"/>
                        <line number="18" hits="1" branch="false"/>
                        <line number="37" hits="1" branch="false"/>
                        <line number="17" hits="1" branch="false"/>
                        <line number="37" hits="1" branch="false"/>
                        <line number="37" hits="1" branch="false"/>
                        <line number="19" hits="1" branch="false"/>
                        <line number="30" hits="1" branch="false"/>
                        <line number="32" hits="1" branch="false"/>
                        <line number="18" hits="1" branch="false"/>
                    </lines>
                </class>
                <class name="services.Database" filename="services/Database.scala" line-rate="1.00" branch-rate="1.00" complexity="0">
                    <methods>
                        <method name="services/Database/&lt;none&gt;" signature="()V" line-rate="1.00" branch-rate="1.00" complexity="0">
                            <lines>
                                <line number="13" hits="1" branch="false"/>
                                <line number="11" hits="1" branch="false"/>
                                <line number="12" hits="1" branch="false"/>
                                <line number="13" hits="1" branch="false"/>
                                <line number="11" hits="1" branch="false"/>
                                <line number="12" hits="1" branch="false"/>
                                <line number="12" hits="1" branch="false"/>
                                <line number="13" hits="1" branch="false"/>
                                <line number="11" hits="1" branch="false"/>
                                <line number="10" hits="1" branch="false"/>
                            </lines>
                        </method>
                    </methods>
                    <lines>
                        <line number="13" hits="1" branch="false"/>
                        <line number="11" hits="1" branch="false"/>
                        <line number="12" hits="1" branch="false"/>
                        <line number="13" hits="1" branch="false"/>
                        <line number="11" hits="1" branch="false"/>
                        <line number="12" hits="1" branch="false"/>
                        <line number="12" hits="1" branch="false"/>
                        <line number="13" hits="1" branch="false"/>
                        <line number="11" hits="1" branch="false"/>
                        <line number="10" hits="1" branch="false"/>
                    </lines>
                </class>
            </classes>
        </package>
    </packages>
</coverage>
